<?xml version="1.0" encoding="UTF-8"?>
<robot generator="Robot 6.1.1 (Python 3.12.0 on darwin)" generated="20231118 21:15:21.138" rpa="false" schemaversion="4">
<suite id="s1" name="Tests" source="/Users/villesalmela/code/ohtupalautus/viikko3/hello-robot/src/tests">
<suite id="s1-s1" name="Increase Counter" source="/Users/villesalmela/code/ohtupalautus/viikko3/hello-robot/src/tests/increase_counter.robot">
<kw name="Open And Configure Browser" library="resource" type="SETUP">
<kw name="Get Chrome Options" library="ChromeLibrary">
<var>${browser_options}</var>
<msg timestamp="20231118 21:15:21.248" level="INFO">${browser_options} = &lt;selenium.webdriver.chrome.options.Options object at 0x104495e50&gt;</msg>
<status status="PASS" starttime="20231118 21:15:21.248" endtime="20231118 21:15:21.248"/>
</kw>
<kw name="Open Browser" library="SeleniumLibrary">
<arg>browser=${BROWSER}</arg>
<arg>options=${browser_options}</arg>
<doc>Opens a new browser instance to the optional ``url``.</doc>
<msg timestamp="20231118 21:15:21.248" level="INFO">Opening browser 'chrome' to base url 'None'.</msg>
<status status="PASS" starttime="20231118 21:15:21.248" endtime="20231118 21:15:21.991"/>
</kw>
<status status="PASS" starttime="20231118 21:15:21.248" endtime="20231118 21:15:21.991"/>
</kw>
<test id="s1-s1-t1" name="Increase Counter Once" line="9">
<kw name="Blaa" library="CounterLibrary" type="SETUP">
<status status="PASS" starttime="20231118 21:15:21.992" endtime="20231118 21:15:21.995"/>
</kw>
<kw name="Counter Value Should Be" library="CounterLibrary">
<arg>0</arg>
<status status="PASS" starttime="20231118 21:15:21.995" endtime="20231118 21:15:21.995"/>
</kw>
<kw name="Increase Counter" library="CounterLibrary">
<status status="PASS" starttime="20231118 21:15:21.995" endtime="20231118 21:15:21.995"/>
</kw>
<kw name="Counter Value Should Be" library="CounterLibrary">
<arg>1</arg>
<status status="PASS" starttime="20231118 21:15:21.995" endtime="20231118 21:15:21.995"/>
</kw>
<kw name="Blaa" library="CounterLibrary" type="TEARDOWN">
<status status="PASS" starttime="20231118 21:15:21.995" endtime="20231118 21:15:21.995"/>
</kw>
<status status="PASS" starttime="20231118 21:15:21.991" endtime="20231118 21:15:21.995"/>
</test>
<test id="s1-s1-t2" name="Increase Counter Many Times" line="14">
<kw name="Blaa" library="CounterLibrary" type="SETUP">
<status status="PASS" starttime="20231118 21:15:21.996" endtime="20231118 21:15:22.001"/>
</kw>
<kw name="Counter Value Should Be" library="CounterLibrary">
<arg>0</arg>
<status status="PASS" starttime="20231118 21:15:22.001" endtime="20231118 21:15:22.001"/>
</kw>
<kw name="Increase Counter" library="CounterLibrary">
<status status="PASS" starttime="20231118 21:15:22.001" endtime="20231118 21:15:22.001"/>
</kw>
<kw name="Increase Counter" library="CounterLibrary">
<status status="PASS" starttime="20231118 21:15:22.001" endtime="20231118 21:15:22.001"/>
</kw>
<kw name="Increase Counter" library="CounterLibrary">
<status status="PASS" starttime="20231118 21:15:22.001" endtime="20231118 21:15:22.001"/>
</kw>
<kw name="Counter Value Should Be" library="CounterLibrary">
<arg>3</arg>
<status status="PASS" starttime="20231118 21:15:22.001" endtime="20231118 21:15:22.001"/>
</kw>
<kw name="Blaa" library="CounterLibrary" type="TEARDOWN">
<status status="PASS" starttime="20231118 21:15:22.001" endtime="20231118 21:15:22.001"/>
</kw>
<status status="PASS" starttime="20231118 21:15:21.995" endtime="20231118 21:15:22.001"/>
</test>
<test id="s1-s1-t3" name="Increment Counter By Amount" line="21">
<kw name="Blaa" library="CounterLibrary" type="SETUP">
<status status="PASS" starttime="20231118 21:15:22.002" endtime="20231118 21:15:22.006"/>
</kw>
<kw name="Counter Value Should Be" library="CounterLibrary">
<arg>0</arg>
<status status="PASS" starttime="20231118 21:15:22.006" endtime="20231118 21:15:22.006"/>
</kw>
<kw name="Increment Counter By" library="CounterLibrary">
<arg>5</arg>
<status status="PASS" starttime="20231118 21:15:22.006" endtime="20231118 21:15:22.006"/>
</kw>
<kw name="Counter Value Should Be" library="CounterLibrary">
<arg>5</arg>
<status status="PASS" starttime="20231118 21:15:22.006" endtime="20231118 21:15:22.006"/>
</kw>
<kw name="Blaa" library="CounterLibrary" type="TEARDOWN">
<status status="PASS" starttime="20231118 21:15:22.006" endtime="20231118 21:15:22.006"/>
</kw>
<status status="PASS" starttime="20231118 21:15:22.002" endtime="20231118 21:15:22.006"/>
</test>
<kw name="Close Browser" library="SeleniumLibrary" type="TEARDOWN">
<doc>Closes the current browser.</doc>
<status status="PASS" starttime="20231118 21:15:22.006" endtime="20231118 21:15:22.079"/>
</kw>
<status status="PASS" starttime="20231118 21:15:21.146" endtime="20231118 21:15:22.079"/>
</suite>
<suite id="s1-s2" name="Reset Counter" source="/Users/villesalmela/code/ohtupalautus/viikko3/hello-robot/src/tests/reset_counter.robot">
<test id="s1-s2-t1" name="Reset Counter After One Increment" line="5">
<kw name="Counter Value Should Be" library="CounterLibrary">
<arg>0</arg>
<status status="PASS" starttime="20231118 21:15:22.081" endtime="20231118 21:15:22.081"/>
</kw>
<kw name="Increase Counter" library="CounterLibrary">
<status status="PASS" starttime="20231118 21:15:22.081" endtime="20231118 21:15:22.081"/>
</kw>
<kw name="Counter Value Should Be" library="CounterLibrary">
<arg>1</arg>
<status status="PASS" starttime="20231118 21:15:22.081" endtime="20231118 21:15:22.081"/>
</kw>
<kw name="Reset Counter" library="CounterLibrary">
<status status="PASS" starttime="20231118 21:15:22.081" endtime="20231118 21:15:22.081"/>
</kw>
<kw name="Counter Value Should Be" library="CounterLibrary">
<arg>0</arg>
<status status="PASS" starttime="20231118 21:15:22.081" endtime="20231118 21:15:22.081"/>
</kw>
<status status="PASS" starttime="20231118 21:15:22.080" endtime="20231118 21:15:22.081"/>
</test>
<test id="s1-s2-t2" name="Reset Counter After Several Increments" line="12">
<kw name="Counter Value Should Be" library="CounterLibrary">
<arg>0</arg>
<status status="PASS" starttime="20231118 21:15:22.082" endtime="20231118 21:15:22.083"/>
</kw>
<kw name="Increment Counter By" library="CounterLibrary">
<arg>5</arg>
<status status="PASS" starttime="20231118 21:15:22.083" endtime="20231118 21:15:22.083"/>
</kw>
<kw name="Counter Value Should Be" library="CounterLibrary">
<arg>5</arg>
<status status="PASS" starttime="20231118 21:15:22.083" endtime="20231118 21:15:22.083"/>
</kw>
<kw name="Reset Counter" library="CounterLibrary">
<status status="PASS" starttime="20231118 21:15:22.083" endtime="20231118 21:15:22.083"/>
</kw>
<kw name="Counter Value Should Be" library="CounterLibrary">
<arg>0</arg>
<status status="PASS" starttime="20231118 21:15:22.083" endtime="20231118 21:15:22.083"/>
</kw>
<status status="PASS" starttime="20231118 21:15:22.082" endtime="20231118 21:15:22.083"/>
</test>
<status status="PASS" starttime="20231118 21:15:22.079" endtime="20231118 21:15:22.084"/>
</suite>
<status status="PASS" starttime="20231118 21:15:21.139" endtime="20231118 21:15:22.084"/>
</suite>
<statistics>
<total>
<stat pass="5" fail="0" skip="0">All Tests</stat>
</total>
<tag>
</tag>
<suite>
<stat pass="5" fail="0" skip="0" id="s1" name="Tests">Tests</stat>
<stat pass="3" fail="0" skip="0" id="s1-s1" name="Increase Counter">Tests.Increase Counter</stat>
<stat pass="2" fail="0" skip="0" id="s1-s2" name="Reset Counter">Tests.Reset Counter</stat>
</suite>
</statistics>
<errors>
</errors>
</robot>
