<?xml version="1.0" encoding="UTF-8"?>
<robot generator="Robot 6.1.1 (Python 3.12.0 on darwin)" generated="20231118 22:08:50.713" rpa="false" schemaversion="4">
<suite id="s1" name="Tests" source="/Users/villesalmela/code/ohtupalautus/viikko3/web-login/src/tests">
<suite id="s1-s1" name="Home" source="/Users/villesalmela/code/ohtupalautus/viikko3/web-login/src/tests/home.robot">
<kw name="Open And Configure Browser" library="resource" type="SETUP">
<kw name="Get Chrome Options" library="ChromeLibrary">
<var>${browser_options}</var>
<msg timestamp="20231118 22:08:50.824" level="INFO">${browser_options} = &lt;selenium.webdriver.chrome.options.Options object at 0x102725be0&gt;</msg>
<status status="PASS" starttime="20231118 22:08:50.824" endtime="20231118 22:08:50.824"/>
</kw>
<kw name="Open Browser" library="SeleniumLibrary">
<arg>browser=${BROWSER}</arg>
<arg>options=${browser_options}</arg>
<doc>Opens a new browser instance to the optional ``url``.</doc>
<msg timestamp="20231118 22:08:50.824" level="INFO">Opening browser 'chrome' to base url 'None'.</msg>
<status status="PASS" starttime="20231118 22:08:50.824" endtime="20231118 22:08:51.680"/>
</kw>
<kw name="Set Selenium Speed" library="SeleniumLibrary">
<arg>${DELAY}</arg>
<doc>Sets the delay that is waited after each Selenium command.</doc>
<status status="PASS" starttime="20231118 22:08:51.681" endtime="20231118 22:08:51.681"/>
</kw>
<status status="PASS" starttime="20231118 22:08:50.824" endtime="20231118 22:08:51.681"/>
</kw>
<test id="s1-s1-t1" name="Click Login Link" line="8">
<kw name="Go To Starting Page" library="resource" type="SETUP">
<kw name="Go To" library="SeleniumLibrary">
<arg>${HOME_URL}</arg>
<doc>Navigates the current browser window to the provided ``url``.</doc>
<msg timestamp="20231118 22:08:51.681" level="INFO">Opening url 'http://localhost:5001'</msg>
<status status="PASS" starttime="20231118 22:08:51.681" endtime="20231118 22:08:51.725"/>
</kw>
<status status="PASS" starttime="20231118 22:08:51.681" endtime="20231118 22:08:51.725"/>
</kw>
<kw name="Click Link" library="SeleniumLibrary">
<arg>Login</arg>
<doc>Clicks a link identified by ``locator``.</doc>
<msg timestamp="20231118 22:08:51.725" level="INFO">Clicking link 'Login'.</msg>
<status status="PASS" starttime="20231118 22:08:51.725" endtime="20231118 22:08:51.768"/>
</kw>
<kw name="Login Page Should Be Open" library="resource">
<kw name="Title Should Be" library="SeleniumLibrary">
<arg>Login</arg>
<doc>Verifies that the current page title equals ``title``.</doc>
<msg timestamp="20231118 22:08:51.771" level="INFO">Page title is 'Login'.</msg>
<status status="PASS" starttime="20231118 22:08:51.768" endtime="20231118 22:08:51.771"/>
</kw>
<status status="PASS" starttime="20231118 22:08:51.768" endtime="20231118 22:08:51.771"/>
</kw>
<status status="PASS" starttime="20231118 22:08:51.681" endtime="20231118 22:08:51.771"/>
</test>
<test id="s1-s1-t2" name="Click Register Link" line="12">
<kw name="Go To Starting Page" library="resource" type="SETUP">
<kw name="Go To" library="SeleniumLibrary">
<arg>${HOME_URL}</arg>
<doc>Navigates the current browser window to the provided ``url``.</doc>
<msg timestamp="20231118 22:08:51.771" level="INFO">Opening url 'http://localhost:5001'</msg>
<status status="PASS" starttime="20231118 22:08:51.771" endtime="20231118 22:08:51.778"/>
</kw>
<status status="PASS" starttime="20231118 22:08:51.771" endtime="20231118 22:08:51.778"/>
</kw>
<kw name="Click Link" library="SeleniumLibrary">
<arg>Register new user</arg>
<doc>Clicks a link identified by ``locator``.</doc>
<msg timestamp="20231118 22:08:51.778" level="INFO">Clicking link 'Register new user'.</msg>
<status status="PASS" starttime="20231118 22:08:51.778" endtime="20231118 22:08:51.805"/>
</kw>
<kw name="Register Page Should Be Open" library="resource">
<kw name="Title Should Be" library="SeleniumLibrary">
<arg>Register</arg>
<doc>Verifies that the current page title equals ``title``.</doc>
<msg timestamp="20231118 22:08:51.807" level="INFO">Page title is 'Register'.</msg>
<status status="PASS" starttime="20231118 22:08:51.805" endtime="20231118 22:08:51.807"/>
</kw>
<status status="PASS" starttime="20231118 22:08:51.805" endtime="20231118 22:08:51.807"/>
</kw>
<status status="PASS" starttime="20231118 22:08:51.771" endtime="20231118 22:08:51.807"/>
</test>
<kw name="Close Browser" library="SeleniumLibrary" type="TEARDOWN">
<doc>Closes the current browser.</doc>
<status status="PASS" starttime="20231118 22:08:51.807" endtime="20231118 22:08:51.878"/>
</kw>
<status status="PASS" starttime="20231118 22:08:50.721" endtime="20231118 22:08:51.878"/>
</suite>
<suite id="s1-s2" name="Login" source="/Users/villesalmela/code/ohtupalautus/viikko3/web-login/src/tests/login.robot">
<kw name="Open And Configure Browser" library="resource" type="SETUP">
<kw name="Get Chrome Options" library="ChromeLibrary">
<var>${browser_options}</var>
<msg timestamp="20231118 22:08:51.880" level="INFO">${browser_options} = &lt;selenium.webdriver.chrome.options.Options object at 0x102755cd0&gt;</msg>
<status status="PASS" starttime="20231118 22:08:51.880" endtime="20231118 22:08:51.880"/>
</kw>
<kw name="Open Browser" library="SeleniumLibrary">
<arg>browser=${BROWSER}</arg>
<arg>options=${browser_options}</arg>
<doc>Opens a new browser instance to the optional ``url``.</doc>
<msg timestamp="20231118 22:08:51.880" level="INFO">Opening browser 'chrome' to base url 'None'.</msg>
<status status="PASS" starttime="20231118 22:08:51.880" endtime="20231118 22:08:52.619"/>
</kw>
<kw name="Set Selenium Speed" library="SeleniumLibrary">
<arg>${DELAY}</arg>
<doc>Sets the delay that is waited after each Selenium command.</doc>
<status status="PASS" starttime="20231118 22:08:52.619" endtime="20231118 22:08:52.620"/>
</kw>
<status status="PASS" starttime="20231118 22:08:51.880" endtime="20231118 22:08:52.620"/>
</kw>
<test id="s1-s2-t1" name="Login With Correct Credentials" line="8">
<kw name="Create User And Go To Login Page" type="SETUP">
<kw name="Create User" library="AppLibrary">
<arg>kalle</arg>
<arg>kalle123</arg>
<status status="PASS" starttime="20231118 22:08:52.620" endtime="20231118 22:08:52.630"/>
</kw>
<kw name="Go To Login Page" library="resource">
<kw name="Go To" library="SeleniumLibrary">
<arg>${LOGIN_URL}</arg>
<doc>Navigates the current browser window to the provided ``url``.</doc>
<msg timestamp="20231118 22:08:52.630" level="INFO">Opening url 'http://localhost:5001/login'</msg>
<status status="PASS" starttime="20231118 22:08:52.630" endtime="20231118 22:08:52.680"/>
</kw>
<status status="PASS" starttime="20231118 22:08:52.630" endtime="20231118 22:08:52.680"/>
</kw>
<kw name="Login Page Should Be Open" library="resource">
<kw name="Title Should Be" library="SeleniumLibrary">
<arg>Login</arg>
<doc>Verifies that the current page title equals ``title``.</doc>
<msg timestamp="20231118 22:08:52.683" level="INFO">Page title is 'Login'.</msg>
<status status="PASS" starttime="20231118 22:08:52.680" endtime="20231118 22:08:52.683"/>
</kw>
<status status="PASS" starttime="20231118 22:08:52.680" endtime="20231118 22:08:52.683"/>
</kw>
<status status="PASS" starttime="20231118 22:08:52.620" endtime="20231118 22:08:52.683"/>
</kw>
<kw name="Set Username">
<arg>kalle</arg>
<kw name="Input Text" library="SeleniumLibrary">
<arg>username</arg>
<arg>${username}</arg>
<doc>Types the given ``text`` into the text field identified by ``locator``.</doc>
<msg timestamp="20231118 22:08:52.683" level="INFO">Typing text 'kalle' into text field 'username'.</msg>
<status status="PASS" starttime="20231118 22:08:52.683" endtime="20231118 22:08:52.779"/>
</kw>
<status status="PASS" starttime="20231118 22:08:52.683" endtime="20231118 22:08:52.779"/>
</kw>
<kw name="Set Password">
<arg>kalle123</arg>
<kw name="Input Password" library="SeleniumLibrary">
<arg>password</arg>
<arg>${password}</arg>
<doc>Types the given password into the text field identified by ``locator``.</doc>
<msg timestamp="20231118 22:08:52.779" level="INFO">Typing password into text field 'password'.</msg>
<msg timestamp="20231118 22:08:52.796" level="INFO">Temporally setting log level to: NONE</msg>
<msg timestamp="20231118 22:08:52.814" level="INFO">Log level changed from NONE to INFO.</msg>
<status status="PASS" starttime="20231118 22:08:52.779" endtime="20231118 22:08:52.814"/>
</kw>
<status status="PASS" starttime="20231118 22:08:52.779" endtime="20231118 22:08:52.814"/>
</kw>
<kw name="Submit Credentials">
<kw name="Click Button" library="SeleniumLibrary">
<arg>Login</arg>
<doc>Clicks the button identified by ``locator``.</doc>
<msg timestamp="20231118 22:08:52.814" level="INFO">Clicking button 'Login'.</msg>
<status status="PASS" starttime="20231118 22:08:52.814" endtime="20231118 22:08:52.846"/>
</kw>
<status status="PASS" starttime="20231118 22:08:52.814" endtime="20231118 22:08:52.846"/>
</kw>
<kw name="Login Should Succeed">
<kw name="Main Page Should Be Open" library="resource">
<kw name="Title Should Be" library="SeleniumLibrary">
<arg>Ohtu Application main page</arg>
<doc>Verifies that the current page title equals ``title``.</doc>
<msg timestamp="20231118 22:08:52.848" level="INFO">Page title is 'Ohtu Application main page'.</msg>
<status status="PASS" starttime="20231118 22:08:52.847" endtime="20231118 22:08:52.848"/>
</kw>
<status status="PASS" starttime="20231118 22:08:52.847" endtime="20231118 22:08:52.848"/>
</kw>
<status status="PASS" starttime="20231118 22:08:52.846" endtime="20231118 22:08:52.848"/>
</kw>
<status status="PASS" starttime="20231118 22:08:52.620" endtime="20231118 22:08:52.848"/>
</test>
<test id="s1-s2-t2" name="Login With Incorrect Password" line="14">
<kw name="Create User And Go To Login Page" type="SETUP">
<kw name="Create User" library="AppLibrary">
<arg>kalle</arg>
<arg>kalle123</arg>
<status status="PASS" starttime="20231118 22:08:52.849" endtime="20231118 22:08:52.856"/>
</kw>
<kw name="Go To Login Page" library="resource">
<kw name="Go To" library="SeleniumLibrary">
<arg>${LOGIN_URL}</arg>
<doc>Navigates the current browser window to the provided ``url``.</doc>
<msg timestamp="20231118 22:08:52.856" level="INFO">Opening url 'http://localhost:5001/login'</msg>
<status status="PASS" starttime="20231118 22:08:52.856" endtime="20231118 22:08:52.863"/>
</kw>
<status status="PASS" starttime="20231118 22:08:52.856" endtime="20231118 22:08:52.863"/>
</kw>
<kw name="Login Page Should Be Open" library="resource">
<kw name="Title Should Be" library="SeleniumLibrary">
<arg>Login</arg>
<doc>Verifies that the current page title equals ``title``.</doc>
<msg timestamp="20231118 22:08:52.865" level="INFO">Page title is 'Login'.</msg>
<status status="PASS" starttime="20231118 22:08:52.863" endtime="20231118 22:08:52.865"/>
</kw>
<status status="PASS" starttime="20231118 22:08:52.863" endtime="20231118 22:08:52.865"/>
</kw>
<status status="PASS" starttime="20231118 22:08:52.849" endtime="20231118 22:08:52.865"/>
</kw>
<kw name="Set Username">
<arg>kalle</arg>
<kw name="Input Text" library="SeleniumLibrary">
<arg>username</arg>
<arg>${username}</arg>
<doc>Types the given ``text`` into the text field identified by ``locator``.</doc>
<msg timestamp="20231118 22:08:52.865" level="INFO">Typing text 'kalle' into text field 'username'.</msg>
<status status="PASS" starttime="20231118 22:08:52.865" endtime="20231118 22:08:52.896"/>
</kw>
<status status="PASS" starttime="20231118 22:08:52.865" endtime="20231118 22:08:52.896"/>
</kw>
<kw name="Set Password">
<arg>kalle456</arg>
<kw name="Input Password" library="SeleniumLibrary">
<arg>password</arg>
<arg>${password}</arg>
<doc>Types the given password into the text field identified by ``locator``.</doc>
<msg timestamp="20231118 22:08:52.896" level="INFO">Typing password into text field 'password'.</msg>
<msg timestamp="20231118 22:08:52.909" level="INFO">Temporally setting log level to: NONE</msg>
<msg timestamp="20231118 22:08:52.926" level="INFO">Log level changed from NONE to INFO.</msg>
<status status="PASS" starttime="20231118 22:08:52.896" endtime="20231118 22:08:52.926"/>
</kw>
<status status="PASS" starttime="20231118 22:08:52.896" endtime="20231118 22:08:52.926"/>
</kw>
<kw name="Submit Credentials">
<kw name="Click Button" library="SeleniumLibrary">
<arg>Login</arg>
<doc>Clicks the button identified by ``locator``.</doc>
<msg timestamp="20231118 22:08:52.927" level="INFO">Clicking button 'Login'.</msg>
<status status="PASS" starttime="20231118 22:08:52.927" endtime="20231118 22:08:52.953"/>
</kw>
<status status="PASS" starttime="20231118 22:08:52.926" endtime="20231118 22:08:52.953"/>
</kw>
<kw name="Login Should Fail With Message">
<arg>Invalid username or password</arg>
<kw name="Login Page Should Be Open" library="resource">
<kw name="Title Should Be" library="SeleniumLibrary">
<arg>Login</arg>
<doc>Verifies that the current page title equals ``title``.</doc>
<msg timestamp="20231118 22:08:52.955" level="INFO">Page title is 'Login'.</msg>
<status status="PASS" starttime="20231118 22:08:52.954" endtime="20231118 22:08:52.955"/>
</kw>
<status status="PASS" starttime="20231118 22:08:52.954" endtime="20231118 22:08:52.955"/>
</kw>
<kw name="Page Should Contain" library="SeleniumLibrary">
<arg>${message}</arg>
<doc>Verifies that current page contains ``text``.</doc>
<msg timestamp="20231118 22:08:52.961" level="INFO">Current page contains text 'Invalid username or password'.</msg>
<status status="PASS" starttime="20231118 22:08:52.955" endtime="20231118 22:08:52.961"/>
</kw>
<status status="PASS" starttime="20231118 22:08:52.954" endtime="20231118 22:08:52.961"/>
</kw>
<status status="PASS" starttime="20231118 22:08:52.849" endtime="20231118 22:08:52.961"/>
</test>
<test id="s1-s2-t3" name="Login With Nonexistent Username" line="20">
<kw name="Create User And Go To Login Page" type="SETUP">
<kw name="Create User" library="AppLibrary">
<arg>kalle</arg>
<arg>kalle123</arg>
<status status="PASS" starttime="20231118 22:08:52.961" endtime="20231118 22:08:52.970"/>
</kw>
<kw name="Go To Login Page" library="resource">
<kw name="Go To" library="SeleniumLibrary">
<arg>${LOGIN_URL}</arg>
<doc>Navigates the current browser window to the provided ``url``.</doc>
<msg timestamp="20231118 22:08:52.971" level="INFO">Opening url 'http://localhost:5001/login'</msg>
<status status="PASS" starttime="20231118 22:08:52.971" endtime="20231118 22:08:52.977"/>
</kw>
<status status="PASS" starttime="20231118 22:08:52.970" endtime="20231118 22:08:52.977"/>
</kw>
<kw name="Login Page Should Be Open" library="resource">
<kw name="Title Should Be" library="SeleniumLibrary">
<arg>Login</arg>
<doc>Verifies that the current page title equals ``title``.</doc>
<msg timestamp="20231118 22:08:52.979" level="INFO">Page title is 'Login'.</msg>
<status status="PASS" starttime="20231118 22:08:52.977" endtime="20231118 22:08:52.979"/>
</kw>
<status status="PASS" starttime="20231118 22:08:52.977" endtime="20231118 22:08:52.979"/>
</kw>
<status status="PASS" starttime="20231118 22:08:52.961" endtime="20231118 22:08:52.979"/>
</kw>
<kw name="Set Username">
<arg>seppo</arg>
<kw name="Input Text" library="SeleniumLibrary">
<arg>username</arg>
<arg>${username}</arg>
<doc>Types the given ``text`` into the text field identified by ``locator``.</doc>
<msg timestamp="20231118 22:08:52.979" level="INFO">Typing text 'seppo' into text field 'username'.</msg>
<status status="PASS" starttime="20231118 22:08:52.979" endtime="20231118 22:08:53.009"/>
</kw>
<status status="PASS" starttime="20231118 22:08:52.979" endtime="20231118 22:08:53.009"/>
</kw>
<kw name="Set Password">
<arg>seppo123</arg>
<kw name="Input Password" library="SeleniumLibrary">
<arg>password</arg>
<arg>${password}</arg>
<doc>Types the given password into the text field identified by ``locator``.</doc>
<msg timestamp="20231118 22:08:53.009" level="INFO">Typing password into text field 'password'.</msg>
<msg timestamp="20231118 22:08:53.023" level="INFO">Temporally setting log level to: NONE</msg>
<msg timestamp="20231118 22:08:53.041" level="INFO">Log level changed from NONE to INFO.</msg>
<status status="PASS" starttime="20231118 22:08:53.009" endtime="20231118 22:08:53.041"/>
</kw>
<status status="PASS" starttime="20231118 22:08:53.009" endtime="20231118 22:08:53.041"/>
</kw>
<kw name="Submit Credentials">
<kw name="Click Button" library="SeleniumLibrary">
<arg>Login</arg>
<doc>Clicks the button identified by ``locator``.</doc>
<msg timestamp="20231118 22:08:53.041" level="INFO">Clicking button 'Login'.</msg>
<status status="PASS" starttime="20231118 22:08:53.041" endtime="20231118 22:08:53.069"/>
</kw>
<status status="PASS" starttime="20231118 22:08:53.041" endtime="20231118 22:08:53.069"/>
</kw>
<kw name="Login Should Fail With Message">
<arg>Invalid username or password</arg>
<kw name="Login Page Should Be Open" library="resource">
<kw name="Title Should Be" library="SeleniumLibrary">
<arg>Login</arg>
<doc>Verifies that the current page title equals ``title``.</doc>
<msg timestamp="20231118 22:08:53.071" level="INFO">Page title is 'Login'.</msg>
<status status="PASS" starttime="20231118 22:08:53.069" endtime="20231118 22:08:53.071"/>
</kw>
<status status="PASS" starttime="20231118 22:08:53.069" endtime="20231118 22:08:53.071"/>
</kw>
<kw name="Page Should Contain" library="SeleniumLibrary">
<arg>${message}</arg>
<doc>Verifies that current page contains ``text``.</doc>
<msg timestamp="20231118 22:08:53.075" level="INFO">Current page contains text 'Invalid username or password'.</msg>
<status status="PASS" starttime="20231118 22:08:53.071" endtime="20231118 22:08:53.075"/>
</kw>
<status status="PASS" starttime="20231118 22:08:53.069" endtime="20231118 22:08:53.075"/>
</kw>
<status status="PASS" starttime="20231118 22:08:52.961" endtime="20231118 22:08:53.075"/>
</test>
<kw name="Close Browser" library="SeleniumLibrary" type="TEARDOWN">
<doc>Closes the current browser.</doc>
<status status="PASS" starttime="20231118 22:08:53.075" endtime="20231118 22:08:53.143"/>
</kw>
<status status="PASS" starttime="20231118 22:08:51.878" endtime="20231118 22:08:53.143"/>
</suite>
<suite id="s1-s3" name="Register" source="/Users/villesalmela/code/ohtupalautus/viikko3/web-login/src/tests/register.robot">
<kw name="Open And Configure Browser" library="resource" type="SETUP">
<kw name="Get Chrome Options" library="ChromeLibrary">
<var>${browser_options}</var>
<msg timestamp="20231118 22:08:53.145" level="INFO">${browser_options} = &lt;selenium.webdriver.chrome.options.Options object at 0x102770110&gt;</msg>
<status status="PASS" starttime="20231118 22:08:53.144" endtime="20231118 22:08:53.145"/>
</kw>
<kw name="Open Browser" library="SeleniumLibrary">
<arg>browser=${BROWSER}</arg>
<arg>options=${browser_options}</arg>
<doc>Opens a new browser instance to the optional ``url``.</doc>
<msg timestamp="20231118 22:08:53.145" level="INFO">Opening browser 'chrome' to base url 'None'.</msg>
<status status="PASS" starttime="20231118 22:08:53.145" endtime="20231118 22:08:53.888"/>
</kw>
<kw name="Set Selenium Speed" library="SeleniumLibrary">
<arg>${DELAY}</arg>
<doc>Sets the delay that is waited after each Selenium command.</doc>
<status status="PASS" starttime="20231118 22:08:53.888" endtime="20231118 22:08:53.888"/>
</kw>
<status status="PASS" starttime="20231118 22:08:53.144" endtime="20231118 22:08:53.888"/>
</kw>
<test id="s1-s3-t1" name="Register With Too Short Username And Valid Password" line="8">
<kw name="Init" type="SETUP">
<kw name="Dummy" library="AppLibrary">
<status status="PASS" starttime="20231118 22:08:53.888" endtime="20231118 22:08:53.892"/>
</kw>
<kw name="Go To Register Page" library="resource">
<kw name="Go To" library="SeleniumLibrary">
<arg>${REGISTER_URL}</arg>
<doc>Navigates the current browser window to the provided ``url``.</doc>
<msg timestamp="20231118 22:08:53.892" level="INFO">Opening url 'http://localhost:5001/register'</msg>
<status status="PASS" starttime="20231118 22:08:53.892" endtime="20231118 22:08:53.942"/>
</kw>
<status status="PASS" starttime="20231118 22:08:53.892" endtime="20231118 22:08:53.942"/>
</kw>
<status status="PASS" starttime="20231118 22:08:53.888" endtime="20231118 22:08:53.942"/>
</kw>
<kw name="Set Username">
<arg>a</arg>
<kw name="Input Text" library="SeleniumLibrary">
<arg>username</arg>
<arg>${username}</arg>
<doc>Types the given ``text`` into the text field identified by ``locator``.</doc>
<msg timestamp="20231118 22:08:53.942" level="INFO">Typing text 'a' into text field 'username'.</msg>
<status status="PASS" starttime="20231118 22:08:53.942" endtime="20231118 22:08:54.035"/>
</kw>
<status status="PASS" starttime="20231118 22:08:53.942" endtime="20231118 22:08:54.035"/>
</kw>
<kw name="Set Password">
<arg>kalle123</arg>
<kw name="Input Password" library="SeleniumLibrary">
<arg>password</arg>
<arg>${password}</arg>
<doc>Types the given password into the text field identified by ``locator``.</doc>
<msg timestamp="20231118 22:08:54.036" level="INFO">Typing password into text field 'password'.</msg>
<msg timestamp="20231118 22:08:54.052" level="INFO">Temporally setting log level to: NONE</msg>
<msg timestamp="20231118 22:08:54.072" level="INFO">Log level changed from NONE to INFO.</msg>
<status status="PASS" starttime="20231118 22:08:54.035" endtime="20231118 22:08:54.072"/>
</kw>
<status status="PASS" starttime="20231118 22:08:54.035" endtime="20231118 22:08:54.072"/>
</kw>
<kw name="Set Password Confirmation">
<arg>kalle123</arg>
<kw name="Input Password" library="SeleniumLibrary">
<arg>password_confirmation</arg>
<arg>${password}</arg>
<doc>Types the given password into the text field identified by ``locator``.</doc>
<msg timestamp="20231118 22:08:54.072" level="INFO">Typing password into text field 'password_confirmation'.</msg>
<msg timestamp="20231118 22:08:54.088" level="INFO">Temporally setting log level to: NONE</msg>
<msg timestamp="20231118 22:08:54.105" level="INFO">Log level changed from NONE to INFO.</msg>
<status status="PASS" starttime="20231118 22:08:54.072" endtime="20231118 22:08:54.105"/>
</kw>
<status status="PASS" starttime="20231118 22:08:54.072" endtime="20231118 22:08:54.105"/>
</kw>
<kw name="Submit Register">
<kw name="Click Button" library="SeleniumLibrary">
<arg>Register</arg>
<doc>Clicks the button identified by ``locator``.</doc>
<msg timestamp="20231118 22:08:54.106" level="INFO">Clicking button 'Register'.</msg>
<status status="PASS" starttime="20231118 22:08:54.105" endtime="20231118 22:08:54.143"/>
</kw>
<status status="PASS" starttime="20231118 22:08:54.105" endtime="20231118 22:08:54.143"/>
</kw>
<kw name="Register Should Fail With Message">
<arg>Username too short</arg>
<kw name="Register Page Should Be Open" library="resource">
<kw name="Title Should Be" library="SeleniumLibrary">
<arg>Register</arg>
<doc>Verifies that the current page title equals ``title``.</doc>
<msg timestamp="20231118 22:08:54.146" level="INFO">Page title is 'Register'.</msg>
<status status="PASS" starttime="20231118 22:08:54.144" endtime="20231118 22:08:54.146"/>
</kw>
<status status="PASS" starttime="20231118 22:08:54.144" endtime="20231118 22:08:54.146"/>
</kw>
<kw name="Page Should Contain" library="SeleniumLibrary">
<arg>${message}</arg>
<doc>Verifies that current page contains ``text``.</doc>
<msg timestamp="20231118 22:08:54.152" level="INFO">Current page contains text 'Username too short'.</msg>
<status status="PASS" starttime="20231118 22:08:54.146" endtime="20231118 22:08:54.152"/>
</kw>
<status status="PASS" starttime="20231118 22:08:54.143" endtime="20231118 22:08:54.152"/>
</kw>
<status status="PASS" starttime="20231118 22:08:53.888" endtime="20231118 22:08:54.152"/>
</test>
<test id="s1-s3-t2" name="Register With Valid Username And Password" line="15">
<kw name="Init" type="SETUP">
<kw name="Dummy" library="AppLibrary">
<status status="PASS" starttime="20231118 22:08:54.152" endtime="20231118 22:08:54.156"/>
</kw>
<kw name="Go To Register Page" library="resource">
<kw name="Go To" library="SeleniumLibrary">
<arg>${REGISTER_URL}</arg>
<doc>Navigates the current browser window to the provided ``url``.</doc>
<msg timestamp="20231118 22:08:54.156" level="INFO">Opening url 'http://localhost:5001/register'</msg>
<status status="PASS" starttime="20231118 22:08:54.156" endtime="20231118 22:08:54.163"/>
</kw>
<status status="PASS" starttime="20231118 22:08:54.156" endtime="20231118 22:08:54.163"/>
</kw>
<status status="PASS" starttime="20231118 22:08:54.152" endtime="20231118 22:08:54.163"/>
</kw>
<kw name="Set Username">
<arg>kalle</arg>
<kw name="Input Text" library="SeleniumLibrary">
<arg>username</arg>
<arg>${username}</arg>
<doc>Types the given ``text`` into the text field identified by ``locator``.</doc>
<msg timestamp="20231118 22:08:54.163" level="INFO">Typing text 'kalle' into text field 'username'.</msg>
<status status="PASS" starttime="20231118 22:08:54.163" endtime="20231118 22:08:54.195"/>
</kw>
<status status="PASS" starttime="20231118 22:08:54.163" endtime="20231118 22:08:54.195"/>
</kw>
<kw name="Set Password">
<arg>kalle123</arg>
<kw name="Input Password" library="SeleniumLibrary">
<arg>password</arg>
<arg>${password}</arg>
<doc>Types the given password into the text field identified by ``locator``.</doc>
<msg timestamp="20231118 22:08:54.196" level="INFO">Typing password into text field 'password'.</msg>
<msg timestamp="20231118 22:08:54.211" level="INFO">Temporally setting log level to: NONE</msg>
<msg timestamp="20231118 22:08:54.229" level="INFO">Log level changed from NONE to INFO.</msg>
<status status="PASS" starttime="20231118 22:08:54.196" endtime="20231118 22:08:54.229"/>
</kw>
<status status="PASS" starttime="20231118 22:08:54.195" endtime="20231118 22:08:54.229"/>
</kw>
<kw name="Set Password Confirmation">
<arg>kalle123</arg>
<kw name="Input Password" library="SeleniumLibrary">
<arg>password_confirmation</arg>
<arg>${password}</arg>
<doc>Types the given password into the text field identified by ``locator``.</doc>
<msg timestamp="20231118 22:08:54.230" level="INFO">Typing password into text field 'password_confirmation'.</msg>
<msg timestamp="20231118 22:08:54.245" level="INFO">Temporally setting log level to: NONE</msg>
<msg timestamp="20231118 22:08:54.263" level="INFO">Log level changed from NONE to INFO.</msg>
<status status="PASS" starttime="20231118 22:08:54.230" endtime="20231118 22:08:54.263"/>
</kw>
<status status="PASS" starttime="20231118 22:08:54.230" endtime="20231118 22:08:54.263"/>
</kw>
<kw name="Submit Register">
<kw name="Click Button" library="SeleniumLibrary">
<arg>Register</arg>
<doc>Clicks the button identified by ``locator``.</doc>
<msg timestamp="20231118 22:08:54.263" level="INFO">Clicking button 'Register'.</msg>
<status status="PASS" starttime="20231118 22:08:54.263" endtime="20231118 22:08:54.311"/>
</kw>
<status status="PASS" starttime="20231118 22:08:54.263" endtime="20231118 22:08:54.311"/>
</kw>
<kw name="Register Should Succeed">
<kw name="Welcome Page Should Be Open" library="resource">
<kw name="Title Should Be" library="SeleniumLibrary">
<arg>Welcome to Ohtu Application!</arg>
<doc>Verifies that the current page title equals ``title``.</doc>
<msg timestamp="20231118 22:08:54.313" level="INFO">Page title is 'Welcome to Ohtu Application!'.</msg>
<status status="PASS" starttime="20231118 22:08:54.311" endtime="20231118 22:08:54.313"/>
</kw>
<status status="PASS" starttime="20231118 22:08:54.311" endtime="20231118 22:08:54.313"/>
</kw>
<status status="PASS" starttime="20231118 22:08:54.311" endtime="20231118 22:08:54.313"/>
</kw>
<status status="PASS" starttime="20231118 22:08:54.152" endtime="20231118 22:08:54.314"/>
</test>
<test id="s1-s3-t3" name="Register With Valid Username And Invalid Password" line="22">
<kw name="Init" type="SETUP">
<kw name="Dummy" library="AppLibrary">
<status status="PASS" starttime="20231118 22:08:54.314" endtime="20231118 22:08:54.317"/>
</kw>
<kw name="Go To Register Page" library="resource">
<kw name="Go To" library="SeleniumLibrary">
<arg>${REGISTER_URL}</arg>
<doc>Navigates the current browser window to the provided ``url``.</doc>
<msg timestamp="20231118 22:08:54.317" level="INFO">Opening url 'http://localhost:5001/register'</msg>
<status status="PASS" starttime="20231118 22:08:54.317" endtime="20231118 22:08:54.324"/>
</kw>
<status status="PASS" starttime="20231118 22:08:54.317" endtime="20231118 22:08:54.324"/>
</kw>
<status status="PASS" starttime="20231118 22:08:54.314" endtime="20231118 22:08:54.324"/>
</kw>
<kw name="Set Username">
<arg>kalle</arg>
<kw name="Input Text" library="SeleniumLibrary">
<arg>username</arg>
<arg>${username}</arg>
<doc>Types the given ``text`` into the text field identified by ``locator``.</doc>
<msg timestamp="20231118 22:08:54.325" level="INFO">Typing text 'kalle' into text field 'username'.</msg>
<status status="PASS" starttime="20231118 22:08:54.325" endtime="20231118 22:08:54.358"/>
</kw>
<status status="PASS" starttime="20231118 22:08:54.324" endtime="20231118 22:08:54.359"/>
</kw>
<kw name="Set Password">
<arg>kalle</arg>
<kw name="Input Password" library="SeleniumLibrary">
<arg>password</arg>
<arg>${password}</arg>
<doc>Types the given password into the text field identified by ``locator``.</doc>
<msg timestamp="20231118 22:08:54.359" level="INFO">Typing password into text field 'password'.</msg>
<msg timestamp="20231118 22:08:54.374" level="INFO">Temporally setting log level to: NONE</msg>
<msg timestamp="20231118 22:08:54.393" level="INFO">Log level changed from NONE to INFO.</msg>
<status status="PASS" starttime="20231118 22:08:54.359" endtime="20231118 22:08:54.393"/>
</kw>
<status status="PASS" starttime="20231118 22:08:54.359" endtime="20231118 22:08:54.393"/>
</kw>
<kw name="Set Password Confirmation">
<arg>kalle</arg>
<kw name="Input Password" library="SeleniumLibrary">
<arg>password_confirmation</arg>
<arg>${password}</arg>
<doc>Types the given password into the text field identified by ``locator``.</doc>
<msg timestamp="20231118 22:08:54.393" level="INFO">Typing password into text field 'password_confirmation'.</msg>
<msg timestamp="20231118 22:08:54.409" level="INFO">Temporally setting log level to: NONE</msg>
<msg timestamp="20231118 22:08:54.428" level="INFO">Log level changed from NONE to INFO.</msg>
<status status="PASS" starttime="20231118 22:08:54.393" endtime="20231118 22:08:54.428"/>
</kw>
<status status="PASS" starttime="20231118 22:08:54.393" endtime="20231118 22:08:54.428"/>
</kw>
<kw name="Submit Register">
<kw name="Click Button" library="SeleniumLibrary">
<arg>Register</arg>
<doc>Clicks the button identified by ``locator``.</doc>
<msg timestamp="20231118 22:08:54.429" level="INFO">Clicking button 'Register'.</msg>
<status status="PASS" starttime="20231118 22:08:54.428" endtime="20231118 22:08:54.463"/>
</kw>
<status status="PASS" starttime="20231118 22:08:54.428" endtime="20231118 22:08:54.463"/>
</kw>
<kw name="Register Should Fail With Message">
<arg>Password must contain letters and something else</arg>
<kw name="Register Page Should Be Open" library="resource">
<kw name="Title Should Be" library="SeleniumLibrary">
<arg>Register</arg>
<doc>Verifies that the current page title equals ``title``.</doc>
<msg timestamp="20231118 22:08:54.465" level="INFO">Page title is 'Register'.</msg>
<status status="PASS" starttime="20231118 22:08:54.464" endtime="20231118 22:08:54.465"/>
</kw>
<status status="PASS" starttime="20231118 22:08:54.463" endtime="20231118 22:08:54.465"/>
</kw>
<kw name="Page Should Contain" library="SeleniumLibrary">
<arg>${message}</arg>
<doc>Verifies that current page contains ``text``.</doc>
<msg timestamp="20231118 22:08:54.472" level="INFO">Current page contains text 'Password must contain letters and something else'.</msg>
<status status="PASS" starttime="20231118 22:08:54.465" endtime="20231118 22:08:54.472"/>
</kw>
<status status="PASS" starttime="20231118 22:08:54.463" endtime="20231118 22:08:54.472"/>
</kw>
<status status="PASS" starttime="20231118 22:08:54.314" endtime="20231118 22:08:54.472"/>
</test>
<test id="s1-s3-t4" name="Register With Nonmatching Password And Password Confirmation" line="29">
<kw name="Init" type="SETUP">
<kw name="Dummy" library="AppLibrary">
<status status="PASS" starttime="20231118 22:08:54.472" endtime="20231118 22:08:54.479"/>
</kw>
<kw name="Go To Register Page" library="resource">
<kw name="Go To" library="SeleniumLibrary">
<arg>${REGISTER_URL}</arg>
<doc>Navigates the current browser window to the provided ``url``.</doc>
<msg timestamp="20231118 22:08:54.479" level="INFO">Opening url 'http://localhost:5001/register'</msg>
<status status="PASS" starttime="20231118 22:08:54.479" endtime="20231118 22:08:54.487"/>
</kw>
<status status="PASS" starttime="20231118 22:08:54.479" endtime="20231118 22:08:54.487"/>
</kw>
<status status="PASS" starttime="20231118 22:08:54.472" endtime="20231118 22:08:54.487"/>
</kw>
<kw name="Set Username">
<arg>kalle</arg>
<kw name="Input Text" library="SeleniumLibrary">
<arg>username</arg>
<arg>${username}</arg>
<doc>Types the given ``text`` into the text field identified by ``locator``.</doc>
<msg timestamp="20231118 22:08:54.487" level="INFO">Typing text 'kalle' into text field 'username'.</msg>
<status status="PASS" starttime="20231118 22:08:54.487" endtime="20231118 22:08:54.521"/>
</kw>
<status status="PASS" starttime="20231118 22:08:54.487" endtime="20231118 22:08:54.521"/>
</kw>
<kw name="Set Password">
<arg>kalle123</arg>
<kw name="Input Password" library="SeleniumLibrary">
<arg>password</arg>
<arg>${password}</arg>
<doc>Types the given password into the text field identified by ``locator``.</doc>
<msg timestamp="20231118 22:08:54.522" level="INFO">Typing password into text field 'password'.</msg>
<msg timestamp="20231118 22:08:54.537" level="INFO">Temporally setting log level to: NONE</msg>
<msg timestamp="20231118 22:08:54.556" level="INFO">Log level changed from NONE to INFO.</msg>
<status status="PASS" starttime="20231118 22:08:54.521" endtime="20231118 22:08:54.556"/>
</kw>
<status status="PASS" starttime="20231118 22:08:54.521" endtime="20231118 22:08:54.556"/>
</kw>
<kw name="Set Password Confirmation">
<arg>kalle124</arg>
<kw name="Input Password" library="SeleniumLibrary">
<arg>password_confirmation</arg>
<arg>${password}</arg>
<doc>Types the given password into the text field identified by ``locator``.</doc>
<msg timestamp="20231118 22:08:54.557" level="INFO">Typing password into text field 'password_confirmation'.</msg>
<msg timestamp="20231118 22:08:54.572" level="INFO">Temporally setting log level to: NONE</msg>
<msg timestamp="20231118 22:08:54.591" level="INFO">Log level changed from NONE to INFO.</msg>
<status status="PASS" starttime="20231118 22:08:54.556" endtime="20231118 22:08:54.591"/>
</kw>
<status status="PASS" starttime="20231118 22:08:54.556" endtime="20231118 22:08:54.591"/>
</kw>
<kw name="Submit Register">
<kw name="Click Button" library="SeleniumLibrary">
<arg>Register</arg>
<doc>Clicks the button identified by ``locator``.</doc>
<msg timestamp="20231118 22:08:54.591" level="INFO">Clicking button 'Register'.</msg>
<status status="PASS" starttime="20231118 22:08:54.591" endtime="20231118 22:08:54.622"/>
</kw>
<status status="PASS" starttime="20231118 22:08:54.591" endtime="20231118 22:08:54.622"/>
</kw>
<kw name="Register Should Fail With Message">
<arg>Passwords do not match</arg>
<kw name="Register Page Should Be Open" library="resource">
<kw name="Title Should Be" library="SeleniumLibrary">
<arg>Register</arg>
<doc>Verifies that the current page title equals ``title``.</doc>
<msg timestamp="20231118 22:08:54.624" level="INFO">Page title is 'Register'.</msg>
<status status="PASS" starttime="20231118 22:08:54.623" endtime="20231118 22:08:54.625"/>
</kw>
<status status="PASS" starttime="20231118 22:08:54.623" endtime="20231118 22:08:54.625"/>
</kw>
<kw name="Page Should Contain" library="SeleniumLibrary">
<arg>${message}</arg>
<doc>Verifies that current page contains ``text``.</doc>
<msg timestamp="20231118 22:08:54.631" level="INFO">Current page contains text 'Passwords do not match'.</msg>
<status status="PASS" starttime="20231118 22:08:54.625" endtime="20231118 22:08:54.631"/>
</kw>
<status status="PASS" starttime="20231118 22:08:54.623" endtime="20231118 22:08:54.631"/>
</kw>
<status status="PASS" starttime="20231118 22:08:54.472" endtime="20231118 22:08:54.631"/>
</test>
<test id="s1-s3-t5" name="Login After Successful Registration" line="36">
<kw name="Init" type="SETUP">
<kw name="Dummy" library="AppLibrary">
<status status="PASS" starttime="20231118 22:08:54.631" endtime="20231118 22:08:54.635"/>
</kw>
<kw name="Go To Register Page" library="resource">
<kw name="Go To" library="SeleniumLibrary">
<arg>${REGISTER_URL}</arg>
<doc>Navigates the current browser window to the provided ``url``.</doc>
<msg timestamp="20231118 22:08:54.635" level="INFO">Opening url 'http://localhost:5001/register'</msg>
<status status="PASS" starttime="20231118 22:08:54.635" endtime="20231118 22:08:54.642"/>
</kw>
<status status="PASS" starttime="20231118 22:08:54.635" endtime="20231118 22:08:54.642"/>
</kw>
<status status="PASS" starttime="20231118 22:08:54.631" endtime="20231118 22:08:54.642"/>
</kw>
<kw name="Set Username">
<arg>seppo</arg>
<kw name="Input Text" library="SeleniumLibrary">
<arg>username</arg>
<arg>${username}</arg>
<doc>Types the given ``text`` into the text field identified by ``locator``.</doc>
<msg timestamp="20231118 22:08:54.643" level="INFO">Typing text 'seppo' into text field 'username'.</msg>
<status status="PASS" starttime="20231118 22:08:54.643" endtime="20231118 22:08:54.675"/>
</kw>
<status status="PASS" starttime="20231118 22:08:54.643" endtime="20231118 22:08:54.675"/>
</kw>
<kw name="Set Password">
<arg>seppo123</arg>
<kw name="Input Password" library="SeleniumLibrary">
<arg>password</arg>
<arg>${password}</arg>
<doc>Types the given password into the text field identified by ``locator``.</doc>
<msg timestamp="20231118 22:08:54.676" level="INFO">Typing password into text field 'password'.</msg>
<msg timestamp="20231118 22:08:54.689" level="INFO">Temporally setting log level to: NONE</msg>
<msg timestamp="20231118 22:08:54.707" level="INFO">Log level changed from NONE to INFO.</msg>
<status status="PASS" starttime="20231118 22:08:54.676" endtime="20231118 22:08:54.707"/>
</kw>
<status status="PASS" starttime="20231118 22:08:54.676" endtime="20231118 22:08:54.707"/>
</kw>
<kw name="Set Password Confirmation">
<arg>seppo123</arg>
<kw name="Input Password" library="SeleniumLibrary">
<arg>password_confirmation</arg>
<arg>${password}</arg>
<doc>Types the given password into the text field identified by ``locator``.</doc>
<msg timestamp="20231118 22:08:54.707" level="INFO">Typing password into text field 'password_confirmation'.</msg>
<msg timestamp="20231118 22:08:54.720" level="INFO">Temporally setting log level to: NONE</msg>
<msg timestamp="20231118 22:08:54.736" level="INFO">Log level changed from NONE to INFO.</msg>
<status status="PASS" starttime="20231118 22:08:54.707" endtime="20231118 22:08:54.736"/>
</kw>
<status status="PASS" starttime="20231118 22:08:54.707" endtime="20231118 22:08:54.736"/>
</kw>
<kw name="Submit Register">
<kw name="Click Button" library="SeleniumLibrary">
<arg>Register</arg>
<doc>Clicks the button identified by ``locator``.</doc>
<msg timestamp="20231118 22:08:54.737" level="INFO">Clicking button 'Register'.</msg>
<status status="PASS" starttime="20231118 22:08:54.737" endtime="20231118 22:08:54.762"/>
</kw>
<status status="PASS" starttime="20231118 22:08:54.736" endtime="20231118 22:08:54.762"/>
</kw>
<kw name="Register Should Succeed">
<kw name="Welcome Page Should Be Open" library="resource">
<kw name="Title Should Be" library="SeleniumLibrary">
<arg>Welcome to Ohtu Application!</arg>
<doc>Verifies that the current page title equals ``title``.</doc>
<msg timestamp="20231118 22:08:54.764" level="INFO">Page title is 'Welcome to Ohtu Application!'.</msg>
<status status="PASS" starttime="20231118 22:08:54.762" endtime="20231118 22:08:54.764"/>
</kw>
<status status="PASS" starttime="20231118 22:08:54.762" endtime="20231118 22:08:54.764"/>
</kw>
<status status="PASS" starttime="20231118 22:08:54.762" endtime="20231118 22:08:54.764"/>
</kw>
<kw name="Go To Login Page" library="resource">
<kw name="Go To" library="SeleniumLibrary">
<arg>${LOGIN_URL}</arg>
<doc>Navigates the current browser window to the provided ``url``.</doc>
<msg timestamp="20231118 22:08:54.764" level="INFO">Opening url 'http://localhost:5001/login'</msg>
<status status="PASS" starttime="20231118 22:08:54.764" endtime="20231118 22:08:54.770"/>
</kw>
<status status="PASS" starttime="20231118 22:08:54.764" endtime="20231118 22:08:54.770"/>
</kw>
<kw name="Set Username">
<arg>seppo</arg>
<kw name="Input Text" library="SeleniumLibrary">
<arg>username</arg>
<arg>${username}</arg>
<doc>Types the given ``text`` into the text field identified by ``locator``.</doc>
<msg timestamp="20231118 22:08:54.771" level="INFO">Typing text 'seppo' into text field 'username'.</msg>
<status status="PASS" starttime="20231118 22:08:54.771" endtime="20231118 22:08:54.799"/>
</kw>
<status status="PASS" starttime="20231118 22:08:54.770" endtime="20231118 22:08:54.799"/>
</kw>
<kw name="Set Password">
<arg>seppo123</arg>
<kw name="Input Password" library="SeleniumLibrary">
<arg>password</arg>
<arg>${password}</arg>
<doc>Types the given password into the text field identified by ``locator``.</doc>
<msg timestamp="20231118 22:08:54.799" level="INFO">Typing password into text field 'password'.</msg>
<msg timestamp="20231118 22:08:54.812" level="INFO">Temporally setting log level to: NONE</msg>
<msg timestamp="20231118 22:08:54.829" level="INFO">Log level changed from NONE to INFO.</msg>
<status status="PASS" starttime="20231118 22:08:54.799" endtime="20231118 22:08:54.829"/>
</kw>
<status status="PASS" starttime="20231118 22:08:54.799" endtime="20231118 22:08:54.829"/>
</kw>
<kw name="Submit Credentials">
<kw name="Click Button" library="SeleniumLibrary">
<arg>Login</arg>
<doc>Clicks the button identified by ``locator``.</doc>
<msg timestamp="20231118 22:08:54.830" level="INFO">Clicking button 'Login'.</msg>
<status status="PASS" starttime="20231118 22:08:54.829" endtime="20231118 22:08:54.861"/>
</kw>
<status status="PASS" starttime="20231118 22:08:54.829" endtime="20231118 22:08:54.861"/>
</kw>
<kw name="Login Should Succeed">
<kw name="Main Page Should Be Open" library="resource">
<kw name="Title Should Be" library="SeleniumLibrary">
<arg>Ohtu Application main page</arg>
<doc>Verifies that the current page title equals ``title``.</doc>
<msg timestamp="20231118 22:08:54.863" level="INFO">Page title is 'Ohtu Application main page'.</msg>
<status status="PASS" starttime="20231118 22:08:54.861" endtime="20231118 22:08:54.863"/>
</kw>
<status status="PASS" starttime="20231118 22:08:54.861" endtime="20231118 22:08:54.863"/>
</kw>
<status status="PASS" starttime="20231118 22:08:54.861" endtime="20231118 22:08:54.863"/>
</kw>
<status status="PASS" starttime="20231118 22:08:54.631" endtime="20231118 22:08:54.863"/>
</test>
<test id="s1-s3-t6" name="Login After Failed Registration" line="48">
<kw name="Init" type="SETUP">
<kw name="Dummy" library="AppLibrary">
<status status="PASS" starttime="20231118 22:08:54.863" endtime="20231118 22:08:54.866"/>
</kw>
<kw name="Go To Register Page" library="resource">
<kw name="Go To" library="SeleniumLibrary">
<arg>${REGISTER_URL}</arg>
<doc>Navigates the current browser window to the provided ``url``.</doc>
<msg timestamp="20231118 22:08:54.866" level="INFO">Opening url 'http://localhost:5001/register'</msg>
<status status="PASS" starttime="20231118 22:08:54.866" endtime="20231118 22:08:54.873"/>
</kw>
<status status="PASS" starttime="20231118 22:08:54.866" endtime="20231118 22:08:54.873"/>
</kw>
<status status="PASS" starttime="20231118 22:08:54.863" endtime="20231118 22:08:54.873"/>
</kw>
<kw name="Set Username">
<arg>juhani</arg>
<kw name="Input Text" library="SeleniumLibrary">
<arg>username</arg>
<arg>${username}</arg>
<doc>Types the given ``text`` into the text field identified by ``locator``.</doc>
<msg timestamp="20231118 22:08:54.873" level="INFO">Typing text 'juhani' into text field 'username'.</msg>
<status status="PASS" starttime="20231118 22:08:54.873" endtime="20231118 22:08:54.903"/>
</kw>
<status status="PASS" starttime="20231118 22:08:54.873" endtime="20231118 22:08:54.903"/>
</kw>
<kw name="Set Password">
<arg>juhani123</arg>
<kw name="Input Password" library="SeleniumLibrary">
<arg>password</arg>
<arg>${password}</arg>
<doc>Types the given password into the text field identified by ``locator``.</doc>
<msg timestamp="20231118 22:08:54.904" level="INFO">Typing password into text field 'password'.</msg>
<msg timestamp="20231118 22:08:54.917" level="INFO">Temporally setting log level to: NONE</msg>
<msg timestamp="20231118 22:08:54.934" level="INFO">Log level changed from NONE to INFO.</msg>
<status status="PASS" starttime="20231118 22:08:54.904" endtime="20231118 22:08:54.934"/>
</kw>
<status status="PASS" starttime="20231118 22:08:54.903" endtime="20231118 22:08:54.934"/>
</kw>
<kw name="Set Password Confirmation">
<arg>juhani124</arg>
<kw name="Input Password" library="SeleniumLibrary">
<arg>password_confirmation</arg>
<arg>${password}</arg>
<doc>Types the given password into the text field identified by ``locator``.</doc>
<msg timestamp="20231118 22:08:54.934" level="INFO">Typing password into text field 'password_confirmation'.</msg>
<msg timestamp="20231118 22:08:54.948" level="INFO">Temporally setting log level to: NONE</msg>
<msg timestamp="20231118 22:08:54.966" level="INFO">Log level changed from NONE to INFO.</msg>
<status status="PASS" starttime="20231118 22:08:54.934" endtime="20231118 22:08:54.966"/>
</kw>
<status status="PASS" starttime="20231118 22:08:54.934" endtime="20231118 22:08:54.966"/>
</kw>
<kw name="Submit Register">
<kw name="Click Button" library="SeleniumLibrary">
<arg>Register</arg>
<doc>Clicks the button identified by ``locator``.</doc>
<msg timestamp="20231118 22:08:54.966" level="INFO">Clicking button 'Register'.</msg>
<status status="PASS" starttime="20231118 22:08:54.966" endtime="20231118 22:08:54.997"/>
</kw>
<status status="PASS" starttime="20231118 22:08:54.966" endtime="20231118 22:08:54.997"/>
</kw>
<kw name="Register Should Fail With Message">
<arg>Passwords do not match</arg>
<kw name="Register Page Should Be Open" library="resource">
<kw name="Title Should Be" library="SeleniumLibrary">
<arg>Register</arg>
<doc>Verifies that the current page title equals ``title``.</doc>
<msg timestamp="20231118 22:08:54.999" level="INFO">Page title is 'Register'.</msg>
<status status="PASS" starttime="20231118 22:08:54.997" endtime="20231118 22:08:54.999"/>
</kw>
<status status="PASS" starttime="20231118 22:08:54.997" endtime="20231118 22:08:54.999"/>
</kw>
<kw name="Page Should Contain" library="SeleniumLibrary">
<arg>${message}</arg>
<doc>Verifies that current page contains ``text``.</doc>
<msg timestamp="20231118 22:08:55.004" level="INFO">Current page contains text 'Passwords do not match'.</msg>
<status status="PASS" starttime="20231118 22:08:54.999" endtime="20231118 22:08:55.004"/>
</kw>
<status status="PASS" starttime="20231118 22:08:54.997" endtime="20231118 22:08:55.004"/>
</kw>
<kw name="Go To Login Page" library="resource">
<kw name="Go To" library="SeleniumLibrary">
<arg>${LOGIN_URL}</arg>
<doc>Navigates the current browser window to the provided ``url``.</doc>
<msg timestamp="20231118 22:08:55.004" level="INFO">Opening url 'http://localhost:5001/login'</msg>
<status status="PASS" starttime="20231118 22:08:55.004" endtime="20231118 22:08:55.012"/>
</kw>
<status status="PASS" starttime="20231118 22:08:55.004" endtime="20231118 22:08:55.012"/>
</kw>
<kw name="Set Username">
<arg>juhani</arg>
<kw name="Input Text" library="SeleniumLibrary">
<arg>username</arg>
<arg>${username}</arg>
<doc>Types the given ``text`` into the text field identified by ``locator``.</doc>
<msg timestamp="20231118 22:08:55.012" level="INFO">Typing text 'juhani' into text field 'username'.</msg>
<status status="PASS" starttime="20231118 22:08:55.012" endtime="20231118 22:08:55.046"/>
</kw>
<status status="PASS" starttime="20231118 22:08:55.012" endtime="20231118 22:08:55.046"/>
</kw>
<kw name="Set Password">
<arg>juhani123</arg>
<kw name="Input Password" library="SeleniumLibrary">
<arg>password</arg>
<arg>${password}</arg>
<doc>Types the given password into the text field identified by ``locator``.</doc>
<msg timestamp="20231118 22:08:55.046" level="INFO">Typing password into text field 'password'.</msg>
<msg timestamp="20231118 22:08:55.060" level="INFO">Temporally setting log level to: NONE</msg>
<msg timestamp="20231118 22:08:55.081" level="INFO">Log level changed from NONE to INFO.</msg>
<status status="PASS" starttime="20231118 22:08:55.046" endtime="20231118 22:08:55.081"/>
</kw>
<status status="PASS" starttime="20231118 22:08:55.046" endtime="20231118 22:08:55.081"/>
</kw>
<kw name="Submit Credentials">
<kw name="Click Button" library="SeleniumLibrary">
<arg>Login</arg>
<doc>Clicks the button identified by ``locator``.</doc>
<msg timestamp="20231118 22:08:55.081" level="INFO">Clicking button 'Login'.</msg>
<status status="PASS" starttime="20231118 22:08:55.081" endtime="20231118 22:08:55.114"/>
</kw>
<status status="PASS" starttime="20231118 22:08:55.081" endtime="20231118 22:08:55.114"/>
</kw>
<kw name="Login Should Fail With Message">
<arg>Invalid username or password</arg>
<kw name="Login Page Should Be Open" library="resource">
<kw name="Title Should Be" library="SeleniumLibrary">
<arg>Login</arg>
<doc>Verifies that the current page title equals ``title``.</doc>
<msg timestamp="20231118 22:08:55.117" level="INFO">Page title is 'Login'.</msg>
<status status="PASS" starttime="20231118 22:08:55.115" endtime="20231118 22:08:55.117"/>
</kw>
<status status="PASS" starttime="20231118 22:08:55.115" endtime="20231118 22:08:55.117"/>
</kw>
<kw name="Page Should Contain" library="SeleniumLibrary">
<arg>${message}</arg>
<doc>Verifies that current page contains ``text``.</doc>
<msg timestamp="20231118 22:08:55.123" level="INFO">Current page contains text 'Invalid username or password'.</msg>
<status status="PASS" starttime="20231118 22:08:55.117" endtime="20231118 22:08:55.123"/>
</kw>
<status status="PASS" starttime="20231118 22:08:55.114" endtime="20231118 22:08:55.123"/>
</kw>
<status status="PASS" starttime="20231118 22:08:54.863" endtime="20231118 22:08:55.123"/>
</test>
<kw name="Close Browser" library="SeleniumLibrary" type="TEARDOWN">
<doc>Closes the current browser.</doc>
<status status="PASS" starttime="20231118 22:08:55.123" endtime="20231118 22:08:55.190"/>
</kw>
<status status="PASS" starttime="20231118 22:08:53.143" endtime="20231118 22:08:55.190"/>
</suite>
<status status="PASS" starttime="20231118 22:08:50.714" endtime="20231118 22:08:55.191"/>
</suite>
<statistics>
<total>
<stat pass="11" fail="0" skip="0">All Tests</stat>
</total>
<tag>
</tag>
<suite>
<stat pass="11" fail="0" skip="0" id="s1" name="Tests">Tests</stat>
<stat pass="2" fail="0" skip="0" id="s1-s1" name="Home">Tests.Home</stat>
<stat pass="3" fail="0" skip="0" id="s1-s2" name="Login">Tests.Login</stat>
<stat pass="6" fail="0" skip="0" id="s1-s3" name="Register">Tests.Register</stat>
</suite>
</statistics>
<errors>
</errors>
</robot>
